<?xml version="1.0" encoding="UTF-8"?>
<coverage generated="1785531341924" clover="3.2.0">
  <project timestamp="1785531341925" name="All files">
    <metrics statements="46" coveredstatements="26" conditionals="24" coveredconditionals="17" methods="10" coveredmethods="2" elements="80" coveredelements="45" complexity="0" loc="46" ncloc="46" packages="2" files="3" classes="3"/>
    <package name="repo">
      <metrics statements="20" coveredstatements="7" conditionals="14" coveredconditionals="10" methods="6" coveredmethods="0"/>
      <file name="dbConnection.ts" path="C:\Users\btaou_z43lc40\IdeaProjects\ts_backend\nodejs_jwt_auth\repo\dbConnection.ts">
        <metrics statements="6" coveredstatements="4" conditionals="10" coveredconditionals="10" methods="3" coveredmethods="0"/>
        <line num="3" count="1" type="stmt"/>
        <line num="14" count="1" type="stmt"/>
        <line num="15" count="0" type="stmt"/>
        <line num="16" count="0" type="stmt"/>
        <line num="19" count="1" type="stmt"/>
        <line num="21" count="1" type="stmt"/>
      </file>
      <file name="refreshTokenModel.ts" path="C:\Users\btaou_z43lc40\IdeaProjects\ts_backend\nodejs_jwt_auth\repo\refreshTokenModel.ts">
        <metrics statements="14" coveredstatements="3" conditionals="4" coveredconditionals="0" methods="3" coveredmethods="0"/>
        <line num="4" count="1" type="stmt"/>
        <line num="5" count="0" type="stmt"/>
        <line num="6" count="0" type="cond" truecount="0" falsecount="2"/>
        <line num="7" count="0" type="stmt"/>
        <line num="9" count="0" type="stmt"/>
        <line num="16" count="0" type="stmt"/>
        <line num="19" count="1" type="stmt"/>
        <line num="20" count="0" type="stmt"/>
        <line num="21" count="0" type="cond" truecount="0" falsecount="2"/>
        <line num="22" count="0" type="stmt"/>
        <line num="24" count="0" type="stmt"/>
        <line num="31" count="0" type="stmt"/>
        <line num="34" count="1" type="stmt"/>
        <line num="35" count="0" type="stmt"/>
      </file>
    </package>
    <package name="services">
      <metrics statements="26" coveredstatements="19" conditionals="10" coveredconditionals="7" methods="4" coveredmethods="2"/>
      <file name="refreshTokenService.ts" path="C:\Users\btaou_z43lc40\IdeaProjects\ts_backend\nodejs_jwt_auth\services\refreshTokenService.ts">
        <metrics statements="26" coveredstatements="19" conditionals="10" coveredconditionals="7" methods="4" coveredmethods="2"/>
        <line num="5" count="1" type="stmt"/>
        <line num="6" count="0" type="stmt"/>
        <line num="9" count="1" type="stmt"/>
        <line num="10" count="2" type="stmt"/>
        <line num="11" count="2" type="stmt"/>
        <line num="12" count="2" type="stmt"/>
        <line num="13" count="2" type="stmt"/>
        <line num="14" count="2" type="cond" truecount="2" falsecount="0"/>
        <line num="15" count="1" type="stmt"/>
        <line num="17" count="1" type="stmt"/>
        <line num="20" count="1" type="stmt"/>
        <line num="21" count="0" type="stmt"/>
        <line num="24" count="1" type="stmt"/>
        <line num="25" count="2" type="stmt"/>
        <line num="26" count="2" type="cond" truecount="4" falsecount="0"/>
        <line num="27" count="1" type="stmt"/>
        <line num="28" count="1" type="stmt"/>
        <line num="30" count="1" type="cond" truecount="1" falsecount="1"/>
        <line num="31" count="1" type="stmt"/>
        <line num="32" count="1" type="stmt"/>
        <line num="33" count="1" type="stmt"/>
        <line num="36" count="0" type="cond" truecount="0" falsecount="2"/>
        <line num="37" count="0" type="stmt"/>
        <line num="38" count="0" type="stmt"/>
        <line num="39" count="0" type="stmt"/>
        <line num="41" count="0" type="stmt"/>
      </file>
    </package>
  </project>
</coverage>
