{"C:\\Users\\btaou_z43lc40\\IdeaProjects\\ts_backend\\nodejs_jwt_auth\\repo\\dbConnection.ts": {"path":"C:\\Users\\btaou_z43lc40\\IdeaProjects\\ts_backend\\nodejs_jwt_auth\\repo\\dbConnection.ts","statementMap":{"0":{"start":{"line":3,"column":13},"end":{"line":12,"column":2}},"1":{"start":{"line":14,"column":0},"end":{"line":17,"column":3}},"2":{"start":{"line":15,"column":2},"end":{"line":15,"column":67}},"3":{"start":{"line":16,"column":2},"end":{"line":16,"column":19}},"4":{"start":{"line":19,"column":21},"end":{"line":19,"column":77}},"5":{"start":{"line":19,"column":53},"end":{"line":19,"column":77}},"6":{"start":{"line":21,"column":25},"end":{"line":21,"column":45}},"7":{"start":{"line":21,"column":31},"end":{"line":21,"column":45}}},"fnMap":{"0":{"name":"(anonymous_0)","decl":{"start":{"line":14,"column":17},"end":{"line":14,"column":18}},"loc":{"start":{"line":14,"column":33},"end":{"line":17,"column":1}},"line":14},"1":{"name":"(anonymous_1)","decl":{"start":{"line":19,"column":21},"end":{"line":19,"column":22}},"loc":{"start":{"line":19,"column":53},"end":{"line":19,"column":77}},"line":19},"2":{"name":"(anonymous_2)","decl":{"start":{"line":21,"column":25},"end":{"line":21,"column":26}},"loc":{"start":{"line":21,"column":31},"end":{"line":21,"column":45}},"line":21}},"branchMap":{"0":{"loc":{"start":{"line":4,"column":8},"end":{"line":4,"column":37}},"type":"binary-expr","locations":[{"start":{"line":4,"column":8},"end":{"line":4,"column":27}},{"start":{"line":4,"column":31},"end":{"line":4,"column":37}}],"line":4},"1":{"loc":{"start":{"line":5,"column":12},"end":{"line":5,"column":49}},"type":"binary-expr","locations":[{"start":{"line":5,"column":12},"end":{"line":5,"column":35}},{"start":{"line":5,"column":39},"end":{"line":5,"column":49}}],"line":5},"2":{"loc":{"start":{"line":6,"column":8},"end":{"line":6,"column":42}},"type":"binary-expr","locations":[{"start":{"line":6,"column":8},"end":{"line":6,"column":27}},{"start":{"line":6,"column":31},"end":{"line":6,"column":42}}],"line":6},"3":{"loc":{"start":{"line":7,"column":8},"end":{"line":7,"column":43}},"type":"binary-expr","locations":[{"start":{"line":7,"column":8},"end":{"line":7,"column":35}},{"start":{"line":7,"column":39},"end":{"line":7,"column":43}}],"line":7},"4":{"loc":{"start":{"line":8,"column":12},"end":{"line":8,"column":40}},"type":"binary-expr","locations":[{"start":{"line":8,"column":12},"end":{"line":8,"column":31}},{"start":{"line":8,"column":35},"end":{"line":8,"column":40}}],"line":8}},"s":{"0":1,"1":1,"2":0,"3":0,"4":1,"5":0,"6":1,"7":0},"f":{"0":0,"1":0,"2":0},"b":{"0":[1,1],"1":[1,1],"2":[1,1],"3":[1,1],"4":[1,1]},"_coverageSchema":"1a1c01bbd47fc00a2c39e90264f33305004495a9","hash":"c6e3c5503fdb136a305d00ff5a52360fea5fa41a"}
,"C:\\Users\\btaou_z43lc40\\IdeaProjects\\ts_backend\\nodejs_jwt_auth\\repo\\refreshTokenModel.ts": {"path":"C:\\Users\\btaou_z43lc40\\IdeaProjects\\ts_backend\\nodejs_jwt_auth\\repo\\refreshTokenModel.ts","statementMap":{"0":{"start":{"line":4,"column":34},"end":{"line":17,"column":1}},"1":{"start":{"line":5,"column":19},"end":{"line":5,"column":246}},"2":{"start":{"line":6,"column":4},"end":{"line":8,"column":5}},"3":{"start":{"line":7,"column":8},"end":{"line":7,"column":20}},"4":{"start":{"line":9,"column":39},"end":{"line":15,"column":5}},"5":{"start":{"line":16,"column":4},"end":{"line":16,"column":24}},"6":{"start":{"line":19,"column":31},"end":{"line":32,"column":1}},"7":{"start":{"line":20,"column":19},"end":{"line":20,"column":87}},"8":{"start":{"line":21,"column":5},"end":{"line":23,"column":5}},"9":{"start":{"line":22,"column":8},"end":{"line":22,"column":20}},"10":{"start":{"line":24,"column":39},"end":{"line":30,"column":5}},"11":{"start":{"line":31,"column":4},"end":{"line":31,"column":24}},"12":{"start":{"line":34,"column":38},"end":{"line":36,"column":1}},"13":{"start":{"line":35,"column":4},"end":{"line":35,"column":88}}},"fnMap":{"0":{"name":"(anonymous_0)","decl":{"start":{"line":4,"column":34},"end":{"line":4,"column":35}},"loc":{"start":{"line":4,"column":125},"end":{"line":17,"column":1}},"line":4},"1":{"name":"(anonymous_1)","decl":{"start":{"line":19,"column":31},"end":{"line":19,"column":32}},"loc":{"start":{"line":19,"column":86},"end":{"line":32,"column":1}},"line":19},"2":{"name":"(anonymous_2)","decl":{"start":{"line":34,"column":38},"end":{"line":34,"column":39}},"loc":{"start":{"line":34,"column":79},"end":{"line":36,"column":1}},"line":34}},"branchMap":{"0":{"loc":{"start":{"line":6,"column":4},"end":{"line":8,"column":5}},"type":"if","locations":[{"start":{"line":6,"column":4},"end":{"line":8,"column":5}},{"start":{},"end":{}}],"line":6},"1":{"loc":{"start":{"line":21,"column":5},"end":{"line":23,"column":5}},"type":"if","locations":[{"start":{"line":21,"column":5},"end":{"line":23,"column":5}},{"start":{},"end":{}}],"line":21}},"s":{"0":1,"1":0,"2":0,"3":0,"4":0,"5":0,"6":1,"7":0,"8":0,"9":0,"10":0,"11":0,"12":1,"13":0},"f":{"0":0,"1":0,"2":0},"b":{"0":[0,0],"1":[0,0]},"_coverageSchema":"1a1c01bbd47fc00a2c39e90264f33305004495a9","hash":"4a758d26918f27a1b3abadfef6551cd297252caf"}
,"C:\\Users\\btaou_z43lc40\\IdeaProjects\\ts_backend\\nodejs_jwt_auth\\services\\refreshTokenService.ts": {"path":"C:\\Users\\btaou_z43lc40\\IdeaProjects\\ts_backend\\nodejs_jwt_auth\\services\\refreshTokenService.ts","statementMap":{"0":{"start":{"line":5,"column":36},"end":{"line":7,"column":1}},"1":{"start":{"line":6,"column":4},"end":{"line":6,"column":61}},"2":{"start":{"line":9,"column":42},"end":{"line":18,"column":1}},"3":{"start":{"line":10,"column":4},"end":{"line":10,"column":37}},"4":{"start":{"line":11,"column":26},"end":{"line":11,"column":32}},"5":{"start":{"line":12,"column":25},"end":{"line":12,"column":64}},"6":{"start":{"line":13,"column":46},"end":{"line":13,"column":87}},"7":{"start":{"line":14,"column":4},"end":{"line":16,"column":5}},"8":{"start":{"line":15,"column":8},"end":{"line":15,"column":20}},"9":{"start":{"line":17,"column":4},"end":{"line":17,"column":24}},"10":{"start":{"line":20,"column":45},"end":{"line":22,"column":1}},"11":{"start":{"line":21,"column":4},"end":{"line":21,"column":35}},"12":{"start":{"line":24,"column":34},"end":{"line":42,"column":1}},"13":{"start":{"line":25,"column":50},"end":{"line":25,"column":85}},"14":{"start":{"line":26,"column":4},"end":{"line":29,"column":5}},"15":{"start":{"line":27,"column":8},"end":{"line":27,"column":100}},"16":{"start":{"line":28,"column":8},"end":{"line":28,"column":20}},"17":{"start":{"line":30,"column":4},"end":{"line":34,"column":5}},"18":{"start":{"line":31,"column":8},"end":{"line":31,"column":51}},"19":{"start":{"line":32,"column":8},"end":{"line":32,"column":57}},"20":{"start":{"line":33,"column":8},"end":{"line":33,"column":20}},"21":{"start":{"line":36,"column":4},"end":{"line":40,"column":5}},"22":{"start":{"line":37,"column":8},"end":{"line":37,"column":81}},"23":{"start":{"line":38,"column":32},"end":{"line":38,"column":84}},"24":{"start":{"line":39,"column":8},"end":{"line":39,"column":31}},"25":{"start":{"line":41,"column":4},"end":{"line":41,"column":28}}},"fnMap":{"0":{"name":"(anonymous_0)","decl":{"start":{"line":5,"column":36},"end":{"line":5,"column":37}},"loc":{"start":{"line":5,"column":89},"end":{"line":7,"column":1}},"line":5},"1":{"name":"(anonymous_1)","decl":{"start":{"line":9,"column":42},"end":{"line":9,"column":43}},"loc":{"start":{"line":9,"column":95},"end":{"line":18,"column":1}},"line":9},"2":{"name":"(anonymous_2)","decl":{"start":{"line":20,"column":45},"end":{"line":20,"column":46}},"loc":{"start":{"line":20,"column":71},"end":{"line":22,"column":1}},"line":20},"3":{"name":"(anonymous_3)","decl":{"start":{"line":24,"column":34},"end":{"line":24,"column":35}},"loc":{"start":{"line":24,"column":66},"end":{"line":42,"column":1}},"line":24}},"branchMap":{"0":{"loc":{"start":{"line":14,"column":4},"end":{"line":16,"column":5}},"type":"if","locations":[{"start":{"line":14,"column":4},"end":{"line":16,"column":5}},{"start":{},"end":{}}],"line":14},"1":{"loc":{"start":{"line":26,"column":4},"end":{"line":29,"column":5}},"type":"if","locations":[{"start":{"line":26,"column":4},"end":{"line":29,"column":5}},{"start":{},"end":{}}],"line":26},"2":{"loc":{"start":{"line":26,"column":7},"end":{"line":26,"column":53}},"type":"binary-expr","locations":[{"start":{"line":26,"column":7},"end":{"line":26,"column":24}},{"start":{"line":26,"column":28},"end":{"line":26,"column":53}}],"line":26},"3":{"loc":{"start":{"line":30,"column":4},"end":{"line":34,"column":5}},"type":"if","locations":[{"start":{"line":30,"column":4},"end":{"line":34,"column":5}},{"start":{},"end":{}}],"line":30},"4":{"loc":{"start":{"line":36,"column":4},"end":{"line":40,"column":5}},"type":"if","locations":[{"start":{"line":36,"column":4},"end":{"line":40,"column":5}},{"start":{},"end":{}}],"line":36}},"s":{"0":1,"1":0,"2":1,"3":2,"4":2,"5":2,"6":2,"7":2,"8":1,"9":1,"10":1,"11":0,"12":1,"13":2,"14":2,"15":1,"16":1,"17":1,"18":1,"19":1,"20":1,"21":0,"22":0,"23":0,"24":0,"25":0},"f":{"0":0,"1":2,"2":0,"3":2},"b":{"0":[1,1],"1":[1,1],"2":[2,1],"3":[1,0],"4":[0,0]},"_coverageSchema":"1a1c01bbd47fc00a2c39e90264f33305004495a9","hash":"cab1a8533d00fbd1f3a21e113a66ef24b13587b2"}
}
