TN:
SF:repo\dbConnection.ts
FN:14,(anonymous_0)
FN:19,(anonymous_1)
FN:21,(anonymous_2)
FNF:3
FNH:0
FNDA:0,(anonymous_0)
FNDA:0,(anonymous_1)
FNDA:0,(anonymous_2)
DA:3,1
DA:14,1
DA:15,0
DA:16,0
DA:19,1
DA:21,1
LF:6
LH:4
BRDA:4,0,0,1
BRDA:4,0,1,1
BRDA:5,1,0,1
BRDA:5,1,1,1
BRDA:6,2,0,1
BRDA:6,2,1,1
BRDA:7,3,0,1
BRDA:7,3,1,1
BRDA:8,4,0,1
BRDA:8,4,1,1
BRF:10
BRH:10
end_of_record
TN:
SF:repo\refreshTokenModel.ts
FN:4,(anonymous_0)
FN:19,(anonymous_1)
FN:34,(anonymous_2)
FNF:3
FNH:0
FNDA:0,(anonymous_0)
FNDA:0,(anonymous_1)
FNDA:0,(anonymous_2)
DA:4,1
DA:5,0
DA:6,0
DA:7,0
DA:9,0
DA:16,0
DA:19,1
DA:20,0
DA:21,0
DA:22,0
DA:24,0
DA:31,0
DA:34,1
DA:35,0
LF:14
LH:3
BRDA:6,0,0,0
BRDA:6,0,1,0
BRDA:21,1,0,0
BRDA:21,1,1,0
BRF:4
BRH:0
end_of_record
TN:
SF:services\refreshTokenService.ts
FN:5,(anonymous_0)
FN:9,(anonymous_1)
FN:20,(anonymous_2)
FN:24,(anonymous_3)
FNF:4
FNH:2
FNDA:0,(anonymous_0)
FNDA:2,(anonymous_1)
FNDA:0,(anonymous_2)
FNDA:2,(anonymous_3)
DA:5,1
DA:6,0
DA:9,1
DA:10,2
DA:11,2
DA:12,2
DA:13,2
DA:14,2
DA:15,1
DA:17,1
DA:20,1
DA:21,0
DA:24,1
DA:25,2
DA:26,2
DA:27,1
DA:28,1
DA:30,1
DA:31,1
DA:32,1
DA:33,1
DA:36,0
DA:37,0
DA:38,0
DA:39,0
DA:41,0
LF:26
LH:19
BRDA:14,0,0,1
BRDA:14,0,1,1
BRDA:26,1,0,1
BRDA:26,1,1,1
BRDA:26,2,0,2
BRDA:26,2,1,1
BRDA:30,3,0,1
BRDA:30,3,1,0
BRDA:36,4,0,0
BRDA:36,4,1,0
BRF:10
BRH:7
end_of_record
